

Microchip Technology PIC18 LITE Macro Assembler V1.34 build -361300703 
                                                                                               Fri Mar 20 18:14:09 2015

Microchip Technology Omniscient Code Generator (Lite mode) build 201502162209
     1                           	processor	18F4620
     2                           	fnconf	rparam,??,?,0
     3                           	opt	pw 120
     4                           	opt	lm
     5                           	psect	idataCOMRAM,global,class=CODE,delta=1
     6                           	psect	cinit,global,reloc=2,class=CODE,delta=1
     7                           	psect	bssCOMRAM,global,class=COMRAM,space=1,delta=1
     8                           	psect	dataCOMRAM,global,class=COMRAM,space=1,delta=1
     9                           	psect	cstackCOMRAM,global,class=COMRAM,space=1,delta=1
    10                           	psect	text0,global,reloc=2,class=CODE,delta=1
    11                           	psect	text1,global,reloc=2,class=CODE,delta=1
    12                           	psect	text2,global,reloc=2,class=CODE,delta=1
    13                           	psect	intcodelo,global,reloc=2,class=CODE,delta=1
    14                           	psect	intcode,global,reloc=2,class=CODE,delta=1
    15                           	psect	intcode_body,global,reloc=2,class=CODE,delta=1
    16                           	psect	intsave_regs,global,class=BIGRAM,space=1,delta=1
    17                           	psect	rparam,global,class=COMRAM,space=1,delta=1
    18  0000                     
    19                           	psect	idataCOMRAM
    20  0001A2                     __pidataCOMRAM:
    21                           	opt stack 0
    22                           
    23                           ;initializer for _motor
    24  0001A2  05                 	db	5
    25  0000                     _INTCON	set	4082
    26  0000                     _INTCON2	set	4081
    27  0000                     _INTCONbits	set	4082
    28  0000                     _LATC	set	3979
    29  0000                     _OSCCON	set	4051
    30  0000                     _OSCTUNE	set	3995
    31  0000                     _T0CON	set	4053
    32  0000                     _TRISC	set	3988
    33                           
    34                           ; #config settings
    35  0000                     
    36                           	psect	cinit
    37  00017A                     __pcinit:
    38                           	opt stack 0
    39  00017A                     start_initialization:
    40                           	opt stack 0
    41  00017A                     __initialization:
    42                           	opt stack 0
    43                           
    44                           ; Clear objects allocated to COMRAM (4 bytes)
    45  00017A  6A23               	clrf	(__pbssCOMRAM+3)& (0+255),c
    46  00017C  6A22               	clrf	(__pbssCOMRAM+2)& (0+255),c
    47  00017E  6A21               	clrf	(__pbssCOMRAM+1)& (0+255),c
    48  000180  6A20               	clrf	__pbssCOMRAM& (0+255),c
    49                           
    50                           ; Initialize objects allocated to COMRAM (1 bytes)
    51                           ; load TBLPTR registers with __pidataCOMRAM
    52  000182  0EA2               	movlw	low __pidataCOMRAM
    53  000184  6EF6               	movwf	tblptrl,c
    54  000186  0E01               	movlw	high __pidataCOMRAM
    55  000188  6EF7               	movwf	tblptrh,c
    56  00018A  0E00               	movlw	low (__pidataCOMRAM shr (0+16))
    57  00018C  6EF8               	movwf	tblptru,c
    58  00018E  0009               	tblrd		*+	;fetch initializer
    59  000190  CFF5 F024          	movff	tablat,__pdataCOMRAM
    60  000194                     end_of_initialization:
    61                           	opt stack 0
    62  000194                     __end_of__initialization:
    63                           	opt stack 0
    64  000194  0E00               	movlw	low (__Lmediumconst shr (0+16))
    65  000196  6EF8               	movwf	tblptru,c
    66  000198  0100               	movlb	0
    67  00019A  EFA9  F000         	goto	_main	;jump to C main() function
    68                           tblptru	equ	0xFF8
    69                           tblptrh	equ	0xFF7
    70                           tblptrl	equ	0xFF6
    71                           tablat	equ	0xFF5
    72                           
    73                           	psect	bssCOMRAM
    74  000020                     __pbssCOMRAM:
    75                           	opt stack 0
    76  000020                     _delay_time:
    77                           	opt stack 0
    78  000020                     	ds	2
    79  000022                     _sensor:
    80                           	opt stack 0
    81  000022                     	ds	2
    82                           tblptru	equ	0xFF8
    83                           tblptrh	equ	0xFF7
    84                           tblptrl	equ	0xFF6
    85                           tablat	equ	0xFF5
    86                           
    87                           	psect	dataCOMRAM
    88  000024                     __pdataCOMRAM:
    89                           	opt stack 0
    90  000024                     _motor:
    91                           	opt stack 0
    92  000024                     	ds	1
    93                           tblptru	equ	0xFF8
    94                           tblptrh	equ	0xFF7
    95                           tblptrl	equ	0xFF6
    96                           tablat	equ	0xFF5
    97                           
    98                           	psect	cstackCOMRAM
    99  000001                     __pcstackCOMRAM:
   100                           	opt stack 0
   101  000001                     ??_low_isr:
   102  000001                     
   103                           ; 0 bytes @ 0x0
   104  000001                     	ds	17
   105  000012                     ??_high_isr:
   106                           
   107                           ; 0 bytes @ 0x11
   108  000012                     	ds	14
   109  000020                     tblptru	equ	0xFF8
   110                           tblptrh	equ	0xFF7
   111                           tblptrl	equ	0xFF6
   112                           tablat	equ	0xFF5
   113                           
   114                           ; 0 bytes @ 0x1F
   115 ;;
   116 ;;Main: autosize = 0, tempsize = 0, incstack = 0, save=0
   117 ;;
   118 ;; *************** function _main *****************
   119 ;; Defined at:
   120 ;;		line 47 in file "main.c"
   121 ;; Parameters:    Size  Location     Type
   122 ;;		None
   123 ;; Auto vars:     Size  Location     Type
   124 ;;		None
   125 ;; Return value:  Size  Location     Type
   126 ;;		None               void
   127 ;; Registers used:
   128 ;;		wreg, status,2, cstack
   129 ;; Tracked objects:
   130 ;;		On entry : 0/0
   131 ;;		On exit  : 0/0
   132 ;;		Unchanged: 0/0
   133 ;; Data sizes:     COMRAM   BANK0   BANK1   BANK2   BANK3   BANK4   BANK5   BANK6   BANK7   BANK8   BANK9  BANK10  BANK1
      +1  BANK12  BANK13  BANK14  BANK15
   134 ;;      Params:         0       0       0       0       0       0       0       0       0       0       0       0       
      +0       0       0       0       0
   135 ;;      Locals:         0       0       0       0       0       0       0       0       0       0       0       0       
      +0       0       0       0       0
   136 ;;      Temps:          0       0       0       0       0       0       0       0       0       0       0       0       
      +0       0       0       0       0
   137 ;;      Totals:         0       0       0       0       0       0       0       0       0       0       0       0       
      +0       0       0       0       0
   138 ;;Total ram usage:        0 bytes
   139 ;; Hardware stack levels required when called:    3
   140 ;; This function calls:
   141 ;;		_ConfigureOscillator
   142 ;;		_InitApp
   143 ;; This function is called by:
   144 ;;		Startup code after reset
   145 ;; This function uses a non-reentrant model
   146 ;;
   147                           
   148                           	psect	text0
   149  000152                     __ptext0:
   150                           	opt stack 0
   151  000152                     _main:
   152                           	opt stack 28
   153                           
   154                           ;main.c: 50: OSCCON = 0b01111100;
   155                           
   156                           ;incstack = 0
   157  000152  0E7C               	movlw	124
   158  000154  6ED3               	movwf	4051,c	;volatile
   159                           
   160                           ;main.c: 52: OSCTUNE = 0b01001111;
   161  000156  0E4F               	movlw	79
   162  000158  6E9B               	movwf	3995,c	;volatile
   163                           
   164                           ;main.c: 55: ConfigureOscillator();
   165  00015A  ECD0  F000         	call	_ConfigureOscillator	;wreg free
   166                           
   167                           ;main.c: 58: InitApp();
   168  00015E  ECCF  F000         	call	_InitApp	;wreg free
   169                           
   170                           ;main.c: 60: T0CON = 0b11000100;
   171  000162  0EC4               	movlw	196
   172  000164  6ED5               	movwf	4053,c	;volatile
   173                           
   174                           ;main.c: 68: INTCON2 = 0b11110100;
   175  000166  0EF4               	movlw	244
   176  000168  6EF1               	movwf	intcon2,c	;volatile
   177                           
   178                           ;main.c: 78: INTCON = 0b00100000;
   179  00016A  0E20               	movlw	32
   180  00016C  6EF2               	movwf	intcon,c	;volatile
   181                           
   182                           ;main.c: 88: INTCONbits.GIE = 1;
   183  00016E  8EF2               	bsf	intcon,7,c	;volatile
   184                           
   185                           ;main.c: 90: TRISC = 0;
   186  000170  0E00               	movlw	0
   187  000172  6E94               	movwf	3988,c	;volatile
   188  000174  D7FF               	goto	l55
   189  000176  EF51  F000         	goto	start
   190  00017A                     __end_of_main:
   191                           	opt stack 0
   192                           tblptru	equ	0xFF8
   193                           tblptrh	equ	0xFF7
   194                           tblptrl	equ	0xFF6
   195                           tablat	equ	0xFF5
   196                           intcon	equ	0xFF2
   197                           intcon2	equ	0xFF1
   198                           
   199 ;; *************** function _InitApp *****************
   200 ;; Defined at:
   201 ;;		line 28 in file "user.c"
   202 ;; Parameters:    Size  Location     Type
   203 ;;		None
   204 ;; Auto vars:     Size  Location     Type
   205 ;;		None
   206 ;; Return value:  Size  Location     Type
   207 ;;		None               void
   208 ;; Registers used:
   209 ;;		None
   210 ;; Tracked objects:
   211 ;;		On entry : 0/0
   212 ;;		On exit  : 0/0
   213 ;;		Unchanged: 0/0
   214 ;; Data sizes:     COMRAM   BANK0   BANK1   BANK2   BANK3   BANK4   BANK5   BANK6   BANK7   BANK8   BANK9  BANK10  BANK1
      +1  BANK12  BANK13  BANK14  BANK15
   215 ;;      Params:         0       0       0       0       0       0       0       0       0       0       0       0       
      +0       0       0       0       0
   216 ;;      Locals:         0       0       0       0       0       0       0       0       0       0       0       0       
      +0       0       0       0       0
   217 ;;      Temps:          0       0       0       0       0       0       0       0       0       0       0       0       
      +0       0       0       0       0
   218 ;;      Totals:         0       0       0       0       0       0       0       0       0       0       0       0       
      +0       0       0       0       0
   219 ;;Total ram usage:        0 bytes
   220 ;; Hardware stack levels used:    1
   221 ;; Hardware stack levels required when called:    2
   222 ;; This function calls:
   223 ;;		Nothing
   224 ;; This function is called by:
   225 ;;		_main
   226 ;; This function uses a non-reentrant model
   227 ;;
   228                           
   229                           	psect	text1
   230  00019E                     __ptext1:
   231                           	opt stack 0
   232  00019E                     _InitApp:
   233                           	opt stack 28
   234                           
   235                           ;incstack = 0
   236  00019E  0012               	return		;funcret
   237  0001A0                     __end_of_InitApp:
   238                           	opt stack 0
   239                           tblptru	equ	0xFF8
   240                           tblptrh	equ	0xFF7
   241                           tblptrl	equ	0xFF6
   242                           tablat	equ	0xFF5
   243                           intcon	equ	0xFF2
   244                           intcon2	equ	0xFF1
   245                           
   246 ;; *************** function _ConfigureOscillator *****************
   247 ;; Defined at:
   248 ;;		line 24 in file "system.c"
   249 ;; Parameters:    Size  Location     Type
   250 ;;		None
   251 ;; Auto vars:     Size  Location     Type
   252 ;;		None
   253 ;; Return value:  Size  Location     Type
   254 ;;		None               void
   255 ;; Registers used:
   256 ;;		None
   257 ;; Tracked objects:
   258 ;;		On entry : 0/0
   259 ;;		On exit  : 0/0
   260 ;;		Unchanged: 0/0
   261 ;; Data sizes:     COMRAM   BANK0   BANK1   BANK2   BANK3   BANK4   BANK5   BANK6   BANK7   BANK8   BANK9  BANK10  BANK1
      +1  BANK12  BANK13  BANK14  BANK15
   262 ;;      Params:         0       0       0       0       0       0       0       0       0       0       0       0       
      +0       0       0       0       0
   263 ;;      Locals:         0       0       0       0       0       0       0       0       0       0       0       0       
      +0       0       0       0       0
   264 ;;      Temps:          0       0       0       0       0       0       0       0       0       0       0       0       
      +0       0       0       0       0
   265 ;;      Totals:         0       0       0       0       0       0       0       0       0       0       0       0       
      +0       0       0       0       0
   266 ;;Total ram usage:        0 bytes
   267 ;; Hardware stack levels used:    1
   268 ;; Hardware stack levels required when called:    2
   269 ;; This function calls:
   270 ;;		Nothing
   271 ;; This function is called by:
   272 ;;		_main
   273 ;; This function uses a non-reentrant model
   274 ;;
   275                           
   276                           	psect	text2
   277  0001A0                     __ptext2:
   278                           	opt stack 0
   279  0001A0                     _ConfigureOscillator:
   280                           	opt stack 28
   281                           
   282                           ;incstack = 0
   283  0001A0  0012               	return		;funcret
   284  0001A2                     __end_of_ConfigureOscillator:
   285                           	opt stack 0
   286                           tblptru	equ	0xFF8
   287                           tblptrh	equ	0xFF7
   288                           tblptrl	equ	0xFF6
   289                           tablat	equ	0xFF5
   290                           intcon	equ	0xFF2
   291                           intcon2	equ	0xFF1
   292                           
   293 ;; *************** function _low_isr *****************
   294 ;; Defined at:
   295 ;;		line 69 in file "interrupts.c"
   296 ;; Parameters:    Size  Location     Type
   297 ;;		None
   298 ;; Auto vars:     Size  Location     Type
   299 ;;		None
   300 ;; Return value:  Size  Location     Type
   301 ;;		None               void
   302 ;; Registers used:
   303 ;;		None
   304 ;; Tracked objects:
   305 ;;		On entry : 0/0
   306 ;;		On exit  : 0/0
   307 ;;		Unchanged: 0/0
   308 ;; Data sizes:     COMRAM   BANK0   BANK1   BANK2   BANK3   BANK4   BANK5   BANK6   BANK7   BANK8   BANK9  BANK10  BANK1
      +1  BANK12  BANK13  BANK14  BANK15
   309 ;;      Params:         0       0       0       0       0       0       0       0       0       0       0       0       
      +0       0       0       0       0
   310 ;;      Locals:         0       0       0       0       0       0       0       0       0       0       0       0       
      +0       0       0       0       0
   311 ;;      Temps:         17       0       0       0       0       0       0       0       0       0       0       0       
      +0       0       0       0       0
   312 ;;      Totals:        17       0       0       0       0       0       0       0       0       0       0       0       
      +0       0       0       0       0
   313 ;;Total ram usage:       17 bytes
   314 ;; Hardware stack levels used:    1
   315 ;; Hardware stack levels required when called:    1
   316 ;; This function calls:
   317 ;;		Nothing
   318 ;; This function is called by:
   319 ;;		Interrupt level 1
   320 ;; This function uses a non-reentrant model
   321 ;;
   322                           
   323                           	psect	intcodelo
   324  000018                     __pintcodelo:
   325                           	opt stack 0
   326  000018                     _low_isr:
   327                           	opt stack 28
   328                           
   329                           ;incstack = 0
   330  000018  CFD8 F001          	movff	status,??_low_isr
   331  00001C  CFE8 F002          	movff	wreg,??_low_isr+1
   332  000020  CFE0 F003          	movff	bsr,??_low_isr+2
   333  000024  CFFA F004          	movff	pclath,??_low_isr+3
   334  000028  CFFB F005          	movff	pclatu,??_low_isr+4
   335  00002C  CFE9 F006          	movff	fsr0l,??_low_isr+5
   336  000030  CFEA F007          	movff	fsr0h,??_low_isr+6
   337  000034  CFE1 F008          	movff	fsr1l,??_low_isr+7
   338  000038  CFE2 F009          	movff	fsr1h,??_low_isr+8
   339  00003C  CFD9 F00A          	movff	fsr2l,??_low_isr+9
   340  000040  CFDA F00B          	movff	fsr2h,??_low_isr+10
   341  000044  CFF3 F00C          	movff	prodl,??_low_isr+11
   342  000048  CFF4 F00D          	movff	prodh,??_low_isr+12
   343  00004C  CFF6 F00E          	movff	tblptrl,??_low_isr+13
   344  000050  CFF7 F00F          	movff	tblptrh,??_low_isr+14
   345  000054  CFF8 F010          	movff	tblptru,??_low_isr+15
   346  000058  CFF5 F011          	movff	tablat,??_low_isr+16
   347  00005C  C011  FFF5         	movff	??_low_isr+16,tablat
   348  000060  C010  FFF8         	movff	??_low_isr+15,tblptru
   349  000064  C00F  FFF7         	movff	??_low_isr+14,tblptrh
   350  000068  C00E  FFF6         	movff	??_low_isr+13,tblptrl
   351  00006C  C00D  FFF4         	movff	??_low_isr+12,prodh
   352  000070  C00C  FFF3         	movff	??_low_isr+11,prodl
   353  000074  C00B  FFDA         	movff	??_low_isr+10,fsr2h
   354  000078  C00A  FFD9         	movff	??_low_isr+9,fsr2l
   355  00007C  C009  FFE2         	movff	??_low_isr+8,fsr1h
   356  000080  C008  FFE1         	movff	??_low_isr+7,fsr1l
   357  000084  C007  FFEA         	movff	??_low_isr+6,fsr0h
   358  000088  C006  FFE9         	movff	??_low_isr+5,fsr0l
   359  00008C  C005  FFFB         	movff	??_low_isr+4,pclatu
   360  000090  C004  FFFA         	movff	??_low_isr+3,pclath
   361  000094  C003  FFE0         	movff	??_low_isr+2,bsr
   362  000098  C002  FFE8         	movff	??_low_isr+1,wreg
   363  00009C  C001  FFD8         	movff	??_low_isr,status
   364  0000A0  0010               	retfie	
   365  0000A2                     __end_of_low_isr:
   366                           	opt stack 0
   367                           pclatu	equ	0xFFB
   368                           pclath	equ	0xFFA
   369                           tblptru	equ	0xFF8
   370                           tblptrh	equ	0xFF7
   371                           tblptrl	equ	0xFF6
   372                           tablat	equ	0xFF5
   373                           prodh	equ	0xFF4
   374                           prodl	equ	0xFF3
   375                           intcon	equ	0xFF2
   376                           intcon2	equ	0xFF1
   377                           fsr0h	equ	0xFEA
   378                           fsr0l	equ	0xFE9
   379                           wreg	equ	0xFE8
   380                           fsr1h	equ	0xFE2
   381                           fsr1l	equ	0xFE1
   382                           bsr	equ	0xFE0
   383                           fsr2h	equ	0xFDA
   384                           fsr2l	equ	0xFD9
   385                           status	equ	0xFD8
   386                           
   387 ;; *************** function _high_isr *****************
   388 ;; Defined at:
   389 ;;		line 27 in file "interrupts.c"
   390 ;; Parameters:    Size  Location     Type
   391 ;;		None
   392 ;; Auto vars:     Size  Location     Type
   393 ;;		None
   394 ;; Return value:  Size  Location     Type
   395 ;;		None               void
   396 ;; Registers used:
   397 ;;		wreg, status,2, status,0
   398 ;; Tracked objects:
   399 ;;		On entry : 0/0
   400 ;;		On exit  : 0/0
   401 ;;		Unchanged: 0/0
   402 ;; Data sizes:     COMRAM   BANK0   BANK1   BANK2   BANK3   BANK4   BANK5   BANK6   BANK7   BANK8   BANK9  BANK10  BANK1
      +1  BANK12  BANK13  BANK14  BANK15
   403 ;;      Params:         0       0       0       0       0       0       0       0       0       0       0       0       
      +0       0       0       0       0
   404 ;;      Locals:         0       0       0       0       0       0       0       0       0       0       0       0       
      +0       0       0       0       0
   405 ;;      Temps:         14       0       0       0       0       0       0       0       0       0       0       0       
      +0       0       0       0       0
   406 ;;      Totals:        14       0       0       0       0       0       0       0       0       0       0       0       
      +0       0       0       0       0
   407 ;;Total ram usage:       14 bytes
   408 ;; Hardware stack levels used:    1
   409 ;; This function calls:
   410 ;;		Nothing
   411 ;; This function is called by:
   412 ;;		Interrupt level 2
   413 ;; This function uses a non-reentrant model
   414 ;;
   415                           
   416                           	psect	intcode
   417  000008                     __pintcode:
   418                           	opt stack 0
   419  000008                     _high_isr:
   420                           	opt stack 28
   421                           
   422                           ;incstack = 0
   423  000008  CFFA F012          	movff	pclath,??_high_isr
   424  00000C  CFFB F013          	movff	pclatu,??_high_isr+1
   425  000010  CFE9 F014          	movff	fsr0l,??_high_isr+2
   426  000014  ED53  F000         	call	int_func,f	;refresh shadow registers
   427                           pclatu	equ	0xFFB
   428                           pclath	equ	0xFFA
   429                           tblptru	equ	0xFF8
   430                           tblptrh	equ	0xFF7
   431                           tblptrl	equ	0xFF6
   432                           tablat	equ	0xFF5
   433                           prodh	equ	0xFF4
   434                           prodl	equ	0xFF3
   435                           intcon	equ	0xFF2
   436                           intcon2	equ	0xFF1
   437                           fsr0h	equ	0xFEA
   438                           fsr0l	equ	0xFE9
   439                           wreg	equ	0xFE8
   440                           fsr1h	equ	0xFE2
   441                           fsr1l	equ	0xFE1
   442                           bsr	equ	0xFE0
   443                           fsr2h	equ	0xFDA
   444                           fsr2l	equ	0xFD9
   445                           status	equ	0xFD8
   446                           
   447                           	psect	intcode_body
   448  0000A6                     __pintcode_body:
   449                           	opt stack 28
   450  0000A6                     int_func:
   451                           	opt stack 28
   452  0000A6  0006               	pop		; remove dummy address from shadow register refresh
   453  0000A8  CFEA F015          	movff	fsr0h,??_high_isr+3
   454  0000AC  CFE1 F016          	movff	fsr1l,??_high_isr+4
   455  0000B0  CFE2 F017          	movff	fsr1h,??_high_isr+5
   456  0000B4  CFD9 F018          	movff	fsr2l,??_high_isr+6
   457  0000B8  CFDA F019          	movff	fsr2h,??_high_isr+7
   458  0000BC  CFF3 F01A          	movff	prodl,??_high_isr+8
   459  0000C0  CFF4 F01B          	movff	prodh,??_high_isr+9
   460  0000C4  CFF6 F01C          	movff	tblptrl,??_high_isr+10
   461  0000C8  CFF7 F01D          	movff	tblptrh,??_high_isr+11
   462  0000CC  CFF8 F01E          	movff	tblptru,??_high_isr+12
   463  0000D0  CFF5 F01F          	movff	tablat,??_high_isr+13
   464                           
   465                           ;interrupts.c: 46: if(INTCONbits.TMR0IF == 1)
   466  0000D4  A4F2               	btfss	intcon,2,c	;volatile
   467  0000D6  D020               	goto	i2l18
   468                           
   469                           ;interrupts.c: 47: {
   470                           ;interrupts.c: 48: if(motor < 4)
   471  0000D8  0E04               	movlw	4
   472  0000DA  6024               	cpfslt	_motor,c
   473  0000DC  D002               	goto	i2l651
   474                           
   475                           ;interrupts.c: 49: motor++;
   476  0000DE  2A24               	incf	_motor,f,c
   477  0000E0  D00C               	goto	i2l663
   478  0000E2                     i2l651:
   479                           
   480                           ;interrupts.c: 50: else
   481                           ;interrupts.c: 51: motor = 0;
   482  0000E2  0E00               	movlw	0
   483  0000E4  6E24               	movwf	_motor,c
   484                           
   485                           ;interrupts.c: 53: switch(motor)
   486  0000E6  D009               	goto	i2l663
   487  0000E8                     i2l653:
   488  0000E8  0E88               	movlw	136
   489  0000EA  D005               	goto	L3
   490  0000EC                     i2l655:
   491  0000EC  0E44               	movlw	68
   492  0000EE  D003               	goto	L3
   493  0000F0                     i2l657:
   494  0000F0  0E22               	movlw	34
   495  0000F2  D001               	goto	L3
   496  0000F4                     i2l659:
   497  0000F4  0E11               	movlw	17
   498  0000F6                     L3:
   499  0000F6  6E8B               	movwf	3979,c	;volatile
   500                           
   501                           ;interrupts.c: 59: }
   502  0000F8  D00D               	goto	i2l14
   503  0000FA                     i2l663:
   504  0000FA  5024               	movf	_motor,w,c
   505                           
   506                           ; Switch size 1, requested type "space"
   507                           ; Number of cases is 4, Range of values is 0 to 3
   508                           ; switch strategies available:
   509                           ; Name         Instructions Cycles
   510                           ; simple_byte           13     7 (average)
   511                           ;	Chosen strategy is simple_byte
   512  0000FC  0A00               	xorlw	0	; case 0
   513  0000FE  B4D8               	btfsc	status,2,c
   514  000100  D7F3               	goto	i2l653
   515  000102  0A01               	xorlw	1	; case 1
   516  000104  B4D8               	btfsc	status,2,c
   517  000106  D7F2               	goto	i2l655
   518  000108  0A03               	xorlw	3	; case 2
   519  00010A  B4D8               	btfsc	status,2,c
   520  00010C  D7F1               	goto	i2l657
   521  00010E  0A01               	xorlw	1	; case 3
   522  000110  B4D8               	btfsc	status,2,c
   523  000112  D7F0               	goto	i2l659
   524  000114                     i2l14:
   525                           
   526                           ;interrupts.c: 60: INTCONbits.TMR0IF = 0;
   527  000114  94F2               	bcf	intcon,2,c	;volatile
   528  000116  D000               	goto	i2l18
   529  000118                     i2l18:
   530  000118  C01F  FFF5         	movff	??_high_isr+13,tablat
   531  00011C  C01E  FFF8         	movff	??_high_isr+12,tblptru
   532  000120  C01D  FFF7         	movff	??_high_isr+11,tblptrh
   533  000124  C01C  FFF6         	movff	??_high_isr+10,tblptrl
   534  000128  C01B  FFF4         	movff	??_high_isr+9,prodh
   535  00012C  C01A  FFF3         	movff	??_high_isr+8,prodl
   536  000130  C019  FFDA         	movff	??_high_isr+7,fsr2h
   537  000134  C018  FFD9         	movff	??_high_isr+6,fsr2l
   538  000138  C017  FFE2         	movff	??_high_isr+5,fsr1h
   539  00013C  C016  FFE1         	movff	??_high_isr+4,fsr1l
   540  000140  C015  FFEA         	movff	??_high_isr+3,fsr0h
   541  000144  C014  FFE9         	movff	??_high_isr+2,fsr0l
   542  000148  C013  FFFB         	movff	??_high_isr+1,pclatu
   543  00014C  C012  FFFA         	movff	??_high_isr,pclath
   544  000150  0011               	retfie		f
   545  000152                     __end_of_high_isr:
   546                           	opt stack 0
   547  0000                     pclatu	equ	0xFFB
   548                           pclath	equ	0xFFA
   549                           tblptru	equ	0xFF8
   550                           tblptrh	equ	0xFF7
   551                           tblptrl	equ	0xFF6
   552                           tablat	equ	0xFF5
   553                           prodh	equ	0xFF4
   554                           prodl	equ	0xFF3
   555                           intcon	equ	0xFF2
   556                           intcon2	equ	0xFF1
   557                           fsr0h	equ	0xFEA
   558                           fsr0l	equ	0xFE9
   559                           wreg	equ	0xFE8
   560                           fsr1h	equ	0xFE2
   561                           fsr1l	equ	0xFE1
   562                           bsr	equ	0xFE0
   563                           fsr2h	equ	0xFDA
   564                           fsr2l	equ	0xFD9
   565                           status	equ	0xFD8
   566                           pclatu	equ	0xFFB
   567                           pclath	equ	0xFFA
   568                           tblptru	equ	0xFF8
   569                           tblptrh	equ	0xFF7
   570                           tblptrl	equ	0xFF6
   571                           tablat	equ	0xFF5
   572                           prodh	equ	0xFF4
   573                           prodl	equ	0xFF3
   574                           intcon	equ	0xFF2
   575                           intcon2	equ	0xFF1
   576                           fsr0h	equ	0xFEA
   577                           fsr0l	equ	0xFE9
   578                           wreg	equ	0xFE8
   579                           fsr1h	equ	0xFE2
   580                           fsr1l	equ	0xFE1
   581                           bsr	equ	0xFE0
   582                           fsr2h	equ	0xFDA
   583                           fsr2l	equ	0xFD9
   584                           status	equ	0xFD8
   585                           
   586                           	psect	rparam
   587  0000                     pclatu	equ	0xFFB
   588                           pclath	equ	0xFFA
   589                           tblptru	equ	0xFF8
   590                           tblptrh	equ	0xFF7
   591                           tblptrl	equ	0xFF6
   592                           tablat	equ	0xFF5
   593                           prodh	equ	0xFF4
   594                           prodl	equ	0xFF3
   595                           intcon	equ	0xFF2
   596                           intcon2	equ	0xFF1
   597                           fsr0h	equ	0xFEA
   598                           fsr0l	equ	0xFE9
   599                           wreg	equ	0xFE8
   600                           fsr1h	equ	0xFE2
   601                           fsr1l	equ	0xFE1
   602                           bsr	equ	0xFE0
   603                           fsr2h	equ	0xFDA
   604                           fsr2l	equ	0xFD9
   605                           status	equ	0xFD8


Data Sizes:
    Strings     0
    Constant    0
    Data        1
    BSS         4
    Persistent  0
    Stack       0

Auto Spaces:
    Space          Size  Autos    Used
    COMRAM          127     31      36
    BANK0           128      0       0
    BANK1           256      0       0
    BANK2           256      0       0
    BANK3           256      0       0
    BANK4           256      0       0
    BANK5           256      0       0
    BANK6           256      0       0
    BANK7           256      0       0
    BANK8           256      0       0
    BANK9           256      0       0
    BANK10          256      0       0
    BANK11          256      0       0
    BANK12          256      0       0
    BANK13          256      0       0
    BANK14          256      0       0
    BANK15          128      0       0

Pointer List with Targets:

    None.

Critical Paths under _main in COMRAM

    None.

Critical Paths under _high_isr in COMRAM

    None.

Critical Paths under _low_isr in COMRAM

    None.

Critical Paths under _main in BANK0

    None.

Critical Paths under _high_isr in BANK0

    None.

Critical Paths under _low_isr in BANK0

    None.

Critical Paths under _main in BANK1

    None.

Critical Paths under _high_isr in BANK1

    None.

Critical Paths under _low_isr in BANK1

    None.

Critical Paths under _main in BANK2

    None.

Critical Paths under _high_isr in BANK2

    None.

Critical Paths under _low_isr in BANK2

    None.

Critical Paths under _main in BANK3

    None.

Critical Paths under _high_isr in BANK3

    None.

Critical Paths under _low_isr in BANK3

    None.

Critical Paths under _main in BANK4

    None.

Critical Paths under _high_isr in BANK4

    None.

Critical Paths under _low_isr in BANK4

    None.

Critical Paths under _main in BANK5

    None.

Critical Paths under _high_isr in BANK5

    None.

Critical Paths under _low_isr in BANK5

    None.

Critical Paths under _main in BANK6

    None.

Critical Paths under _high_isr in BANK6

    None.

Critical Paths under _low_isr in BANK6

    None.

Critical Paths under _main in BANK7

    None.

Critical Paths under _high_isr in BANK7

    None.

Critical Paths under _low_isr in BANK7

    None.

Critical Paths under _main in BANK8

    None.

Critical Paths under _high_isr in BANK8

    None.

Critical Paths under _low_isr in BANK8

    None.

Critical Paths under _main in BANK9

    None.

Critical Paths under _high_isr in BANK9

    None.

Critical Paths under _low_isr in BANK9

    None.

Critical Paths under _main in BANK10

    None.

Critical Paths under _high_isr in BANK10

    None.

Critical Paths under _low_isr in BANK10

    None.

Critical Paths under _main in BANK11

    None.

Critical Paths under _high_isr in BANK11

    None.

Critical Paths under _low_isr in BANK11

    None.

Critical Paths under _main in BANK12

    None.

Critical Paths under _high_isr in BANK12

    None.

Critical Paths under _low_isr in BANK12

    None.

Critical Paths under _main in BANK13

    None.

Critical Paths under _high_isr in BANK13

    None.

Critical Paths under _low_isr in BANK13

    None.

Critical Paths under _main in BANK14

    None.

Critical Paths under _high_isr in BANK14

    None.

Critical Paths under _low_isr in BANK14

    None.

Critical Paths under _main in BANK15

    None.

Critical Paths under _high_isr in BANK15

    None.

Critical Paths under _low_isr in BANK15

    None.

Call Graph Tables:

 ---------------------------------------------------------------------------------
 (Depth) Function   	        Calls       Base Space   Used Autos Params    Refs
 ---------------------------------------------------------------------------------
 (0) _main                                                 0     0      0       0
                _ConfigureOscillator
                            _InitApp
 ---------------------------------------------------------------------------------
 (1) _InitApp                                              0     0      0       0
 ---------------------------------------------------------------------------------
 (1) _ConfigureOscillator                                  0     0      0       0
 ---------------------------------------------------------------------------------
 Estimated maximum stack depth 1
 ---------------------------------------------------------------------------------
 (Depth) Function   	        Calls       Base Space   Used Autos Params    Refs
 ---------------------------------------------------------------------------------
 (2) _low_isr                                             17    17      0       0
                                              0 COMRAM    17    17      0
 ---------------------------------------------------------------------------------
 Estimated maximum stack depth 2
 ---------------------------------------------------------------------------------
 (Depth) Function   	        Calls       Base Space   Used Autos Params    Refs
 ---------------------------------------------------------------------------------
 (3) _high_isr                                            14    14      0       0
                                             17 COMRAM    14    14      0
 ---------------------------------------------------------------------------------
 Estimated maximum stack depth 3
 ---------------------------------------------------------------------------------

 Call Graph Graphs:

 _main (ROOT)
   _ConfigureOscillator
   _InitApp

 _low_isr (ROOT)

 _high_isr (ROOT)

 Address spaces:
Name               Size   Autos  Total    Cost      Usage
BIGRAM             F7F      0       0      37        0.0%
EEDATA             400      0       0       0        0.0%
BITBANK14          100      0       0      32        0.0%
BANK14             100      0       0      33        0.0%
BITBANK13          100      0       0      30        0.0%
BANK13             100      0       0      31        0.0%
BITBANK12          100      0       0      28        0.0%
BANK12             100      0       0      29        0.0%
BITBANK11          100      0       0      26        0.0%
BANK11             100      0       0      27        0.0%
BITBANK10          100      0       0      24        0.0%
BANK10             100      0       0      25        0.0%
BITBANK9           100      0       0      22        0.0%
BANK9              100      0       0      23        0.0%
BITBANK8           100      0       0      20        0.0%
BANK8              100      0       0      21        0.0%
BITBANK7           100      0       0      18        0.0%
BANK7              100      0       0      19        0.0%
BITBANK6           100      0       0      16        0.0%
BANK6              100      0       0      17        0.0%
BITBANK5           100      0       0      14        0.0%
BANK5              100      0       0      15        0.0%
BITBANK4           100      0       0      12        0.0%
BANK4              100      0       0      13        0.0%
BITBANK3           100      0       0      10        0.0%
BANK3              100      0       0      11        0.0%
BITBANK2           100      0       0       8        0.0%
BANK2              100      0       0       9        0.0%
BITBANK1           100      0       0       6        0.0%
BANK1              100      0       0       7        0.0%
BITBANK15           80      0       0      35        0.0%
BANK15              80      0       0      36        0.0%
BITBANK0            80      0       0       4        0.0%
BANK0               80      0       0       5        0.0%
BITCOMRAM           7F      0       0       0        0.0%
COMRAM              7F     1F      24       1       28.3%
BITSFR               0      0       0      40        0.0%
SFR                  0      0       0      40        0.0%
STACK                0      0       0       2        0.0%
NULL                 0      0       0       0        0.0%
ABS                  0      0      24      34        0.0%
DATA                 0      0      24       3        0.0%
CODE                 0      0       0       0        0.0%


Microchip Technology PIC18 Macro Assembler V1.34 build -361300703 
Symbol Table                                                                                   Fri Mar 20 18:14:09 2015

                          l55 0174                            bsr 000FE0                   __CFG_BORV$3 000000  
                __CFG_CP0$OFF 000000                  __CFG_CP1$OFF 000000                  __CFG_CP2$OFF 000000  
                __CFG_CP3$OFF 000000                   __CFG_LVP$ON 000000                  __CFG_CPB$OFF 000000  
                __CFG_CPD$OFF 000000                           wreg 000FE8                  __CFG_WDT$OFF 000000  
                        _LATC 000F8B                          i2l14 0114                          i2l18 0118  
                        _main 0152                          fsr0h 000FEA                          fsr1h 000FE2  
                        fsr0l 000FE9                          fsr2h 000FDA                          fsr1l 000FE1  
                        fsr2l 000FD9                          pclat 000FFA                          prodh 000FF4  
                        prodl 000FF3                          start 00A2                 __CFG_IESO$OFF 000000  
               __CFG_MCLRE$ON 000000                  ___param_bank 000010               __end_of_InitApp 01A0  
                       ?_main 0001                         _T0CON 000FD5                         i2l651 00E2  
                       i2l653 00E8                         i2l655 00EC                         i2l663 00FA  
                       i2l657 00F0                         i2l659 00F4                         _TRISC 000F94  
         _ConfigureOscillator 01A0                 __CFG_PWRT$OFF 000000                 __CFG_WRT0$OFF 000000  
               __CFG_WRT1$OFF 000000                 __CFG_WRT2$OFF 000000                 __CFG_WRT3$OFF 000000  
              __CFG_EBTR0$OFF 000000                __CFG_FCMEN$OFF 000000                __CFG_EBTR1$OFF 000000  
              __CFG_EBTR2$OFF 000000                __CFG_EBTR3$OFF 000000                 __CFG_WRTB$OFF 000000  
               __CFG_WRTC$OFF 000000                 __CFG_WRTD$OFF 000000                __CFG_EBTRB$OFF 000000  
                       _motor 0024               __end_of_low_isr 00A2                         tablat 000FF5  
                       status 000FD8          ?_ConfigureOscillator 0001               __initialization 017A  
                __end_of_main 017A                        ??_main 0020                 __activetblptr 000002  
                      _INTCON 000FF2                        _OSCCON 000FD3                     ??_InitApp 0020  
       ??_ConfigureOscillator 0020                __CFG_XINST$OFF 000000              __end_of_high_isr 0152  
              __CFG_STVREN$ON 000000                        _sensor 0022                  __pdataCOMRAM 0024  
                   ??_low_isr 0001                        tblptrh 000FF7                        tblptrl 000FF6  
                      tblptru 000FF8                    __accesstop 0080       __end_of__initialization 0194  
             __CFG_PBADEN$OFF 000000                 ___rparam_used 000001                __pcstackCOMRAM 0001  
                  _delay_time 0020                       _INTCON2 000FF1                       _OSCTUNE 000F9B  
                   ?_high_isr 0001                       _InitApp 019E                       __Hparam 0000  
                     __Lparam 0000                       __pcinit 017A                       __ramtop 1000  
                     __ptext0 0152                       __ptext1 019E                       __ptext2 01A0  
                     _low_isr 0018                    ??_high_isr 0012                __pintcode_body 00A6  
        end_of_initialization 0194                 __Lmediumconst 0000                       int_func 00A6  
 __end_of_ConfigureOscillator 01A2                 __pidataCOMRAM 01A2           start_initialization 017A  
            __CFG_OSC$INTIO67 000000              __CFG_LPT1OSC$OFF 000000                   __pbssCOMRAM 0020  
           __size_of_high_isr 014A                      ?_InitApp 0001             __CFG_CCP2MX$PORTC 000000  
                   __pintcode 0008                   __pintcodelo 0018                      ?_low_isr 0001  
            __CFG_WDTPS$32768 000000              __size_of_InitApp 0002                      __Hrparam 0000  
                    __Lrparam 0000            __CFG_BOREN$SBORDIS 000000              __size_of_low_isr 008A  
                    _high_isr 0008                 __size_of_main 0028  __size_of_ConfigureOscillator 0002  
                  _INTCONbits 000FF2                      intlevel1 0000                      intlevel2 0000  
